<?xml version="1.0" encoding="UTF-8"?>
<!-- Generated by org.testng.reporters.JUnitXMLReporter -->
<testsuite ignored="22" hostname="jainish" failures="1" tests="1" name="Default test" time="0.085" errors="0" timestamp="2023-09-11T16:27:13 IST">
  <testcase classname="com.Main.Main2" name="configureAppium" time="0.038">
    <failure type="java.lang.AbstractMethodError" message="Receiver class io.appium.java_client.service.local.AppiumServiceBuilder does not define or inherit an implementation of the resolved method &amp;apos;abstract void loadSystemProperties()&amp;apos; of abstract class org.openqa.selenium.remote.service.DriverService$Builder.">
      <![CDATA[java.lang.AbstractMethodError: Receiver class io.appium.java_client.service.local.AppiumServiceBuilder does not define or inherit an implementation of the resolved method 'abstract void loadSystemProperties()' of abstract class org.openqa.selenium.remote.service.DriverService$Builder.
at org.openqa.selenium.remote.service.DriverService$Builder.build(DriverService.java:491)
at com.Main.Main2.configureAppium(Main2.java:85)
at java.base/jdk.internal.reflect.NativeMethodAccessorImpl.invoke0(Native Method)
at java.base/jdk.internal.reflect.NativeMethodAccessorImpl.invoke(NativeMethodAccessorImpl.java:77)
at java.base/jdk.internal.reflect.DelegatingMethodAccessorImpl.invoke(DelegatingMethodAccessorImpl.java:43)
at java.base/java.lang.reflect.Method.invoke(Method.java:568)
at org.testng.internal.invokers.MethodInvocationHelper.invokeMethod(MethodInvocationHelper.java:139)
at org.testng.internal.invokers.TestInvoker.invokeMethod(TestInvoker.java:677)
at org.testng.internal.invokers.TestInvoker.invokeTestMethod(TestInvoker.java:221)
at org.testng.internal.invokers.MethodRunner.runInSequence(MethodRunner.java:50)
at org.testng.internal.invokers.TestInvoker$MethodInvocationAgent.invoke(TestInvoker.java:969)
at org.testng.internal.invokers.TestInvoker.invokeTestMethods(TestInvoker.java:194)
at org.testng.internal.invokers.TestMethodWorker.invokeTestMethods(TestMethodWorker.java:148)
at org.testng.internal.invokers.TestMethodWorker.run(TestMethodWorker.java:128)
at java.base/java.util.ArrayList.forEach(ArrayList.java:1511)
at org.testng.TestRunner.privateRun(TestRunner.java:829)
at org.testng.TestRunner.run(TestRunner.java:602)
at org.testng.SuiteRunner.runTest(SuiteRunner.java:437)
at org.testng.SuiteRunner.runSequentially(SuiteRunner.java:431)
at org.testng.SuiteRunner.privateRun(SuiteRunner.java:391)
at org.testng.SuiteRunner.run(SuiteRunner.java:330)
at org.testng.SuiteRunnerWorker.runSuite(SuiteRunnerWorker.java:52)
at org.testng.SuiteRunnerWorker.run(SuiteRunnerWorker.java:95)
at org.testng.TestNG.runSuitesSequentially(TestNG.java:1256)
at org.testng.TestNG.runSuitesLocally(TestNG.java:1176)
at org.testng.TestNG.runSuites(TestNG.java:1099)
at org.testng.TestNG.run(TestNG.java:1067)
at org.testng.remote.AbstractRemoteTestNG.run(AbstractRemoteTestNG.java:115)
at org.testng.remote.RemoteTestNG.initAndRun(RemoteTestNG.java:251)
at org.testng.remote.RemoteTestNG.main(RemoteTestNG.java:77)
]]>
    </failure>
  </testcase> <!-- configureAppium -->
  <testcase classname="com.Main.Main2" name="autoComplete" time="0.0">
    <ignored/>
  </testcase> <!-- autoComplete -->
  <testcase classname="com.Main.Main2" name="seek" time="0.0">
    <ignored/>
  </testcase> <!-- seek -->
  <testcase classname="com.Main.Main2" name="date" time="0.0">
    <ignored/>
  </testcase> <!-- date -->
  <testcase classname="com.Main.Main2" name="gallerys" time="0.0">
    <ignored/>
  </testcase> <!-- gallerys -->
  <testcase classname="com.Main.Main2" name="layout" time="0.0">
    <ignored/>
  </testcase> <!-- layout -->
  <testcase classname="com.Main.Main2" name="chrono" time="0.0">
    <ignored/>
  </testcase> <!-- chrono -->
  <testcase classname="com.Main.Main2" name="popup" time="0.0">
    <ignored/>
  </testcase> <!-- popup -->
  <testcase classname="com.Main.Main2" name="radio" time="0.0">
    <ignored/>
  </testcase> <!-- radio -->
  <testcase classname="com.Main.Main2" name="image" time="0.0">
    <ignored/>
  </testcase> <!-- image -->
  <testcase classname="com.Main.Main2" name="pickerr" time="0.0">
    <ignored/>
  </testcase> <!-- pickerr -->
  <testcase classname="com.Main.Main2" name="grid" time="0.0">
    <ignored/>
  </testcase> <!-- grid -->
  <testcase classname="com.Main.Main2" name="dragDrop" time="0.0">
    <ignored/>
  </testcase> <!-- dragDrop -->
  <testcase classname="com.Main.Main2" name="Progress" time="0.0">
    <ignored/>
  </testcase> <!-- Progress -->
  <testcase classname="com.Main.Main2" name="search" time="0.0">
    <ignored/>
  </testcase> <!-- search -->
  <testcase classname="com.Main.Main2" name="contrl" time="0.0">
    <ignored/>
  </testcase> <!-- contrl -->
  <testcase classname="com.Main.Main2" name="List" time="0.0">
    <ignored/>
  </testcase> <!-- List -->
  <testcase classname="com.Main.Main2" name="switcher" time="0.0">
    <ignored/>
  </testcase> <!-- switcher -->
  <testcase classname="com.Main.Main2" name="bar" time="0.0">
    <ignored/>
  </testcase> <!-- bar -->
  <testcase classname="com.Main.Main2" name="Animationn" time="0.0">
    <ignored/>
  </testcase> <!-- Animationn -->
  <testcase classname="com.Main.Main2" name="secure" time="0.0">
    <ignored/>
  </testcase> <!-- secure -->
  <testcase classname="com.Main.Main2" name="layoutAnimation" time="0.0">
    <ignored/>
  </testcase> <!-- layoutAnimation -->
  <testcase classname="com.Main.Main2" name="button" time="0.0">
    <ignored/>
  </testcase> <!-- button -->
</testsuite> <!-- Default test -->
